<?xml version="1.0" encoding="UTF-8"?>
<testsuite xmlns:xsi="http://www.w3.org/2001/XMLSchema-instance" xsi:noNamespaceSchemaLocation="https://maven.apache.org/surefire/maven-surefire-plugin/xsd/surefire-test-report-3.0.xsd" version="3.0" name="cucumber.Options.PlaceValidationTest" time="4.748" tests="2" errors="0" skipped="0" failures="0">
  <properties>
    <property name="java.specification.version" value="21"/>
    <property name="sun.jnu.encoding" value="UTF-8"/>
    <property name="java.class.path" value="/Users/venkatraghu/eclipse-workspace/APIPlaceFramework/target/test-classes:/Users/venkatraghu/eclipse-workspace/APIPlaceFramework/target/classes:/Users/venkatraghu/.m2/repository/io/rest-assured/rest-assured/5.5.5/rest-assured-5.5.5.jar:/Users/venkatraghu/.m2/repository/org/apache/groovy/groovy/4.0.22/groovy-4.0.22.jar:/Users/venkatraghu/.m2/repository/org/apache/groovy/groovy-xml/4.0.22/groovy-xml-4.0.22.jar:/Users/venkatraghu/.m2/repository/org/apache/httpcomponents/httpclient/4.5.13/httpclient-4.5.13.jar:/Users/venkatraghu/.m2/repository/org/apache/httpcomponents/httpcore/4.4.13/httpcore-4.4.13.jar:/Users/venkatraghu/.m2/repository/commons-logging/commons-logging/1.2/commons-logging-1.2.jar:/Users/venkatraghu/.m2/repository/commons-codec/commons-codec/1.11/commons-codec-1.11.jar:/Users/venkatraghu/.m2/repository/org/apache/httpcomponents/httpmime/4.5.13/httpmime-4.5.13.jar:/Users/venkatraghu/.m2/repository/org/hamcrest/hamcrest/2.2/hamcrest-2.2.jar:/Users/venkatraghu/.m2/repository/org/ccil/cowan/tagsoup/tagsoup/1.2.1/tagsoup-1.2.1.jar:/Users/venkatraghu/.m2/repository/io/rest-assured/json-path/5.5.5/json-path-5.5.5.jar:/Users/venkatraghu/.m2/repository/org/apache/groovy/groovy-json/4.0.22/groovy-json-4.0.22.jar:/Users/venkatraghu/.m2/repository/io/rest-assured/rest-assured-common/5.5.5/rest-assured-common-5.5.5.jar:/Users/venkatraghu/.m2/repository/io/rest-assured/xml-path/5.5.5/xml-path-5.5.5.jar:/Users/venkatraghu/.m2/repository/org/apache/commons/commons-lang3/3.16.0/commons-lang3-3.16.0.jar:/Users/venkatraghu/.m2/repository/io/cucumber/cucumber-java/7.23.0/cucumber-java-7.23.0.jar:/Users/venkatraghu/.m2/repository/io/cucumber/cucumber-core/7.23.0/cucumber-core-7.23.0.jar:/Users/venkatraghu/.m2/repository/io/cucumber/cucumber-gherkin/7.23.0/cucumber-gherkin-7.23.0.jar:/Users/venkatraghu/.m2/repository/io/cucumber/cucumber-gherkin-messages/7.23.0/cucumber-gherkin-messages-7.23.0.jar:/Users/venkatraghu/.m2/repository/io/cucumber/gherkin/32.1.1/gherkin-32.1.1.jar:/Users/venkatraghu/.m2/repository/io/cucumber/messages/27.2.0/messages-27.2.0.jar:/Users/venkatraghu/.m2/repository/io/cucumber/testng-xml-formatter/0.3.1/testng-xml-formatter-0.3.1.jar:/Users/venkatraghu/.m2/repository/io/cucumber/query/13.3.0/query-13.3.0.jar:/Users/venkatraghu/.m2/repository/io/cucumber/tag-expressions/6.1.2/tag-expressions-6.1.2.jar:/Users/venkatraghu/.m2/repository/io/cucumber/cucumber-expressions/18.0.1/cucumber-expressions-18.0.1.jar:/Users/venkatraghu/.m2/repository/io/cucumber/datatable/7.23.0/datatable-7.23.0.jar:/Users/venkatraghu/.m2/repository/io/cucumber/cucumber-plugin/7.23.0/cucumber-plugin-7.23.0.jar:/Users/venkatraghu/.m2/repository/io/cucumber/docstring/7.23.0/docstring-7.23.0.jar:/Users/venkatraghu/.m2/repository/io/cucumber/html-formatter/21.10.1/html-formatter-21.10.1.jar:/Users/venkatraghu/.m2/repository/io/cucumber/junit-xml-formatter/0.7.1/junit-xml-formatter-0.7.1.jar:/Users/venkatraghu/.m2/repository/io/cucumber/ci-environment/10.0.1/ci-environment-10.0.1.jar:/Users/venkatraghu/.m2/repository/org/apiguardian/apiguardian-api/1.1.2/apiguardian-api-1.1.2.jar:/Users/venkatraghu/.m2/repository/com/fasterxml/jackson/core/jackson-databind/2.19.0/jackson-databind-2.19.0.jar:/Users/venkatraghu/.m2/repository/com/fasterxml/jackson/core/jackson-annotations/2.19.0/jackson-annotations-2.19.0.jar:/Users/venkatraghu/.m2/repository/com/fasterxml/jackson/core/jackson-core/2.19.0/jackson-core-2.19.0.jar:/Users/venkatraghu/.m2/repository/org/junit/jupiter/junit-jupiter-engine/5.10.0/junit-jupiter-engine-5.10.0.jar:/Users/venkatraghu/.m2/repository/org/junit/platform/junit-platform-engine/1.10.0/junit-platform-engine-1.10.0.jar:/Users/venkatraghu/.m2/repository/org/opentest4j/opentest4j/1.3.0/opentest4j-1.3.0.jar:/Users/venkatraghu/.m2/repository/org/junit/platform/junit-platform-commons/1.10.0/junit-platform-commons-1.10.0.jar:/Users/venkatraghu/.m2/repository/org/junit/jupiter/junit-jupiter-api/5.10.0/junit-jupiter-api-5.10.0.jar:/Users/venkatraghu/.m2/repository/org/junit/platform/junit-platform-suite/1.10.0/junit-platform-suite-1.10.0.jar:/Users/venkatraghu/.m2/repository/org/junit/platform/junit-platform-suite-api/1.10.0/junit-platform-suite-api-1.10.0.jar:/Users/venkatraghu/.m2/repository/org/junit/platform/junit-platform-suite-engine/1.10.0/junit-platform-suite-engine-1.10.0.jar:/Users/venkatraghu/.m2/repository/org/junit/platform/junit-platform-suite-commons/1.10.0/junit-platform-suite-commons-1.10.0.jar:/Users/venkatraghu/.m2/repository/org/junit/platform/junit-platform-launcher/1.10.0/junit-platform-launcher-1.10.0.jar:/Users/venkatraghu/.m2/repository/io/cucumber/cucumber-junit-platform-engine/7.14.0/cucumber-junit-platform-engine-7.14.0.jar:"/>
    <property name="java.vm.vendor" value="Eclipse Adoptium"/>
    <property name="sun.arch.data.model" value="64"/>
    <property name="java.vendor.url" value="https://adoptium.net/"/>
    <property name="user.timezone" value="Asia/Kolkata"/>
    <property name="os.name" value="Mac OS X"/>
    <property name="java.vm.specification.version" value="21"/>
    <property name="sun.java.launcher" value="SUN_STANDARD"/>
    <property name="user.country" value="US"/>
    <property name="sun.boot.library.path" value="/Library/Java/JavaVirtualMachines/temurin-21.jdk/Contents/Home/lib"/>
    <property name="sun.java.command" value="/Users/venkatraghu/eclipse-workspace/APIPlaceFramework/target/surefire/surefirebooter-20250627172528565_3.jar /Users/venkatraghu/eclipse-workspace/APIPlaceFramework/target/surefire 2025-06-27T17-25-28_532-jvmRun1 surefire-20250627172528565_1tmp surefire_0-20250627172528565_2tmp"/>
    <property name="http.nonProxyHosts" value="local|*.local|169.254/16|*.169.254/16"/>
    <property name="jdk.debug" value="release"/>
    <property name="surefire.test.class.path" value="/Users/venkatraghu/eclipse-workspace/APIPlaceFramework/target/test-classes:/Users/venkatraghu/eclipse-workspace/APIPlaceFramework/target/classes:/Users/venkatraghu/.m2/repository/io/rest-assured/rest-assured/5.5.5/rest-assured-5.5.5.jar:/Users/venkatraghu/.m2/repository/org/apache/groovy/groovy/4.0.22/groovy-4.0.22.jar:/Users/venkatraghu/.m2/repository/org/apache/groovy/groovy-xml/4.0.22/groovy-xml-4.0.22.jar:/Users/venkatraghu/.m2/repository/org/apache/httpcomponents/httpclient/4.5.13/httpclient-4.5.13.jar:/Users/venkatraghu/.m2/repository/org/apache/httpcomponents/httpcore/4.4.13/httpcore-4.4.13.jar:/Users/venkatraghu/.m2/repository/commons-logging/commons-logging/1.2/commons-logging-1.2.jar:/Users/venkatraghu/.m2/repository/commons-codec/commons-codec/1.11/commons-codec-1.11.jar:/Users/venkatraghu/.m2/repository/org/apache/httpcomponents/httpmime/4.5.13/httpmime-4.5.13.jar:/Users/venkatraghu/.m2/repository/org/hamcrest/hamcrest/2.2/hamcrest-2.2.jar:/Users/venkatraghu/.m2/repository/org/ccil/cowan/tagsoup/tagsoup/1.2.1/tagsoup-1.2.1.jar:/Users/venkatraghu/.m2/repository/io/rest-assured/json-path/5.5.5/json-path-5.5.5.jar:/Users/venkatraghu/.m2/repository/org/apache/groovy/groovy-json/4.0.22/groovy-json-4.0.22.jar:/Users/venkatraghu/.m2/repository/io/rest-assured/rest-assured-common/5.5.5/rest-assured-common-5.5.5.jar:/Users/venkatraghu/.m2/repository/io/rest-assured/xml-path/5.5.5/xml-path-5.5.5.jar:/Users/venkatraghu/.m2/repository/org/apache/commons/commons-lang3/3.16.0/commons-lang3-3.16.0.jar:/Users/venkatraghu/.m2/repository/io/cucumber/cucumber-java/7.23.0/cucumber-java-7.23.0.jar:/Users/venkatraghu/.m2/repository/io/cucumber/cucumber-core/7.23.0/cucumber-core-7.23.0.jar:/Users/venkatraghu/.m2/repository/io/cucumber/cucumber-gherkin/7.23.0/cucumber-gherkin-7.23.0.jar:/Users/venkatraghu/.m2/repository/io/cucumber/cucumber-gherkin-messages/7.23.0/cucumber-gherkin-messages-7.23.0.jar:/Users/venkatraghu/.m2/repository/io/cucumber/gherkin/32.1.1/gherkin-32.1.1.jar:/Users/venkatraghu/.m2/repository/io/cucumber/messages/27.2.0/messages-27.2.0.jar:/Users/venkatraghu/.m2/repository/io/cucumber/testng-xml-formatter/0.3.1/testng-xml-formatter-0.3.1.jar:/Users/venkatraghu/.m2/repository/io/cucumber/query/13.3.0/query-13.3.0.jar:/Users/venkatraghu/.m2/repository/io/cucumber/tag-expressions/6.1.2/tag-expressions-6.1.2.jar:/Users/venkatraghu/.m2/repository/io/cucumber/cucumber-expressions/18.0.1/cucumber-expressions-18.0.1.jar:/Users/venkatraghu/.m2/repository/io/cucumber/datatable/7.23.0/datatable-7.23.0.jar:/Users/venkatraghu/.m2/repository/io/cucumber/cucumber-plugin/7.23.0/cucumber-plugin-7.23.0.jar:/Users/venkatraghu/.m2/repository/io/cucumber/docstring/7.23.0/docstring-7.23.0.jar:/Users/venkatraghu/.m2/repository/io/cucumber/html-formatter/21.10.1/html-formatter-21.10.1.jar:/Users/venkatraghu/.m2/repository/io/cucumber/junit-xml-formatter/0.7.1/junit-xml-formatter-0.7.1.jar:/Users/venkatraghu/.m2/repository/io/cucumber/ci-environment/10.0.1/ci-environment-10.0.1.jar:/Users/venkatraghu/.m2/repository/org/apiguardian/apiguardian-api/1.1.2/apiguardian-api-1.1.2.jar:/Users/venkatraghu/.m2/repository/com/fasterxml/jackson/core/jackson-databind/2.19.0/jackson-databind-2.19.0.jar:/Users/venkatraghu/.m2/repository/com/fasterxml/jackson/core/jackson-annotations/2.19.0/jackson-annotations-2.19.0.jar:/Users/venkatraghu/.m2/repository/com/fasterxml/jackson/core/jackson-core/2.19.0/jackson-core-2.19.0.jar:/Users/venkatraghu/.m2/repository/org/junit/jupiter/junit-jupiter-engine/5.10.0/junit-jupiter-engine-5.10.0.jar:/Users/venkatraghu/.m2/repository/org/junit/platform/junit-platform-engine/1.10.0/junit-platform-engine-1.10.0.jar:/Users/venkatraghu/.m2/repository/org/opentest4j/opentest4j/1.3.0/opentest4j-1.3.0.jar:/Users/venkatraghu/.m2/repository/org/junit/platform/junit-platform-commons/1.10.0/junit-platform-commons-1.10.0.jar:/Users/venkatraghu/.m2/repository/org/junit/jupiter/junit-jupiter-api/5.10.0/junit-jupiter-api-5.10.0.jar:/Users/venkatraghu/.m2/repository/org/junit/platform/junit-platform-suite/1.10.0/junit-platform-suite-1.10.0.jar:/Users/venkatraghu/.m2/repository/org/junit/platform/junit-platform-suite-api/1.10.0/junit-platform-suite-api-1.10.0.jar:/Users/venkatraghu/.m2/repository/org/junit/platform/junit-platform-suite-engine/1.10.0/junit-platform-suite-engine-1.10.0.jar:/Users/venkatraghu/.m2/repository/org/junit/platform/junit-platform-suite-commons/1.10.0/junit-platform-suite-commons-1.10.0.jar:/Users/venkatraghu/.m2/repository/org/junit/platform/junit-platform-launcher/1.10.0/junit-platform-launcher-1.10.0.jar:/Users/venkatraghu/.m2/repository/io/cucumber/cucumber-junit-platform-engine/7.14.0/cucumber-junit-platform-engine-7.14.0.jar:"/>
    <property name="sun.cpu.endian" value="little"/>
    <property name="user.home" value="/Users/venkatraghu"/>
    <property name="user.language" value="en"/>
    <property name="java.specification.vendor" value="Oracle Corporation"/>
    <property name="java.version.date" value="2025-04-15"/>
    <property name="java.home" value="/Library/Java/JavaVirtualMachines/temurin-21.jdk/Contents/Home"/>
    <property name="file.separator" value="/"/>
    <property name="basedir" value="/Users/venkatraghu/eclipse-workspace/APIPlaceFramework"/>
    <property name="java.vm.compressedOopsMode" value="Zero based"/>
    <property name="line.separator" value="&#10;"/>
    <property name="java.vm.specification.vendor" value="Oracle Corporation"/>
    <property name="java.specification.name" value="Java Platform API Specification"/>
    <property name="apple.awt.application.name" value="ForkedBooter"/>
    <property name="surefire.real.class.path" value="/Users/venkatraghu/eclipse-workspace/APIPlaceFramework/target/surefire/surefirebooter-20250627172528565_3.jar"/>
    <property name="sun.management.compiler" value="HotSpot 64-Bit Tiered Compilers"/>
    <property name="ftp.nonProxyHosts" value="local|*.local|169.254/16|*.169.254/16"/>
    <property name="java.runtime.version" value="21.0.7+6-LTS"/>
    <property name="user.name" value="venkatraghu"/>
    <property name="stdout.encoding" value="UTF-8"/>
    <property name="path.separator" value=":"/>
    <property name="os.version" value="15.5"/>
    <property name="java.runtime.name" value="OpenJDK Runtime Environment"/>
    <property name="file.encoding" value="UTF-8"/>
    <property name="java.vm.name" value="OpenJDK 64-Bit Server VM"/>
    <property name="java.vendor.version" value="Temurin-21.0.7+6"/>
    <property name="localRepository" value="/Users/venkatraghu/.m2/repository"/>
    <property name="java.vendor.url.bug" value="https://github.com/adoptium/adoptium-support/issues"/>
    <property name="java.io.tmpdir" value="/var/folders/bb/_kyrhl0x5sdfmy0fdxlfwj180000gn/T/"/>
    <property name="java.version" value="21.0.7"/>
    <property name="cucumber.filter.tags" value="@Regression"/>
    <property name="user.dir" value="/Users/venkatraghu/eclipse-workspace/APIPlaceFramework"/>
    <property name="os.arch" value="aarch64"/>
    <property name="java.vm.specification.name" value="Java Virtual Machine Specification"/>
    <property name="native.encoding" value="UTF-8"/>
    <property name="java.library.path" value="/Users/venkatraghu/Library/Java/Extensions:/Library/Java/Extensions:/Network/Library/Java/Extensions:/System/Library/Java/Extensions:/usr/lib/java:."/>
    <property name="java.vm.info" value="mixed mode, sharing"/>
    <property name="stderr.encoding" value="UTF-8"/>
    <property name="java.vendor" value="Eclipse Adoptium"/>
    <property name="java.vm.version" value="21.0.7+6-LTS"/>
    <property name="sun.io.unicode.encoding" value="UnicodeBig"/>
    <property name="socksNonProxyHosts" value="local|*.local|169.254/16|*.169.254/16"/>
    <property name="java.class.version" value="65.0"/>
  </properties>
  <testcase name="Example #1.1" classname="Examples" time="2.347">
    <system-out><![CDATA[
@AddPlace @Regression
Scenario Outline: Verify if place is added successfully                    &amp#27;[90m# features/placeValidations.feature:14&amp#27;[0m
  &amp#27;[32mGiven &amp#27;[0m&amp#27;[32mAdd Place Payload &amp#27;[0m&amp#27;[32m&amp#27;[1m"OrganicHouse"&amp#27;[0m&amp#27;[32m &amp#27;[0m&amp#27;[32m&amp#27;[1m"English"&amp#27;[0m&amp#27;[32m &amp#27;[0m&amp#27;[32m&amp#27;[1m"White House Main Road"&amp#27;[0m &amp#27;[90m# stepDefinations.StepDefinationPlaceValidation.add_place_payload(java.lang.String,java.lang.String,java.lang.String)&amp#27;[0m
/maps/api/place/add/json
  &amp#27;[32mWhen &amp#27;[0m&amp#27;[32muser calls &amp#27;[0m&amp#27;[32m&amp#27;[1m"AddPlaceAPI"&amp#27;[0m&amp#27;[32m with &amp#27;[0m&amp#27;[32m&amp#27;[1m"POST"&amp#27;[0m&amp#27;[32m http request&amp#27;[0m                   &amp#27;[90m# stepDefinations.StepDefinationPlaceValidation.user_calls_with_http_request(java.lang.String,java.lang.String)&amp#27;[0m
  &amp#27;[32mThen &amp#27;[0m&amp#27;[32mapi call should get success with status code of &amp#27;[0m&amp#27;[32m&amp#27;[1m200&amp#27;[0m                 &amp#27;[90m# stepDefinations.StepDefinationPlaceValidation.api_call_should_get_success_with_status_code_of(java.lang.Integer)&amp#27;[0m
status
OK
  &amp#27;[32mAnd &amp#27;[0m&amp#27;[32m&amp#27;[0m&amp#27;[32m&amp#27;[1m"status"&amp#27;[0m&amp#27;[32m in response body is &amp#27;[0m&amp#27;[32m&amp#27;[1m"OK"&amp#27;[0m                                    &amp#27;[90m# stepDefinations.StepDefinationPlaceValidation.status_in_response_body_is_ok(java.lang.String,java.lang.String)&amp#27;[0m
scope
APP
  &amp#27;[32mAnd &amp#27;[0m&amp#27;[32m&amp#27;[0m&amp#27;[32m&amp#27;[1m"scope"&amp#27;[0m&amp#27;[32m in response body is &amp#27;[0m&amp#27;[32m&amp#27;[1m"APP"&amp#27;[0m                                    &amp#27;[90m# stepDefinations.StepDefinationPlaceValidation.status_in_response_body_is_ok(java.lang.String,java.lang.String)&amp#27;[0m
/maps/api/place/get/json
  &amp#27;[32mAnd &amp#27;[0m&amp#27;[32mverify place_Id created maps to &amp#27;[0m&amp#27;[32m&amp#27;[1m"OrganicHouse"&amp#27;[0m&amp#27;[32m using &amp#27;[0m&amp#27;[32m&amp#27;[1m"GetPlaceAPI"&amp#27;[0m   &amp#27;[90m# stepDefinations.StepDefinationPlaceValidation.verify_place_id_created_maps_to_using(java.lang.String,java.lang.String)&amp#27;[0m
]]></system-out>
  </testcase>
  <testcase name="Verify if Delete Place functinality is working fine" classname="Validate place API&apos;s" time="2.079">
    <system-out><![CDATA[
@DeletePlace @Regression
Scenario: Verify if Delete Place functinality is working fine &amp#27;[90m# features/placeValidations.feature:17&amp#27;[0m
  &amp#27;[32mGiven &amp#27;[0m&amp#27;[32mDeletePlace Payload&amp#27;[0m                                   &amp#27;[90m# stepDefinations.StepDefinationPlaceValidation.delete_place_payload()&amp#27;[0m
/maps/api/place/delete/json
  &amp#27;[32mWhen &amp#27;[0m&amp#27;[32muser calls &amp#27;[0m&amp#27;[32m&amp#27;[1m"DeletePlaceAPI"&amp#27;[0m&amp#27;[32m with &amp#27;[0m&amp#27;[32m&amp#27;[1m"POST"&amp#27;[0m&amp#27;[32m http request&amp#27;[0m   &amp#27;[90m# stepDefinations.StepDefinationPlaceValidation.user_calls_with_http_request(java.lang.String,java.lang.String)&amp#27;[0m
  &amp#27;[32mThen &amp#27;[0m&amp#27;[32mapi call should get success with status code of &amp#27;[0m&amp#27;[32m&amp#27;[1m200&amp#27;[0m    &amp#27;[90m# stepDefinations.StepDefinationPlaceValidation.api_call_should_get_success_with_status_code_of(java.lang.Integer)&amp#27;[0m
status
OK
  &amp#27;[32mAnd &amp#27;[0m&amp#27;[32m&amp#27;[0m&amp#27;[32m&amp#27;[1m"status"&amp#27;[0m&amp#27;[32m in response body is &amp#27;[0m&amp#27;[32m&amp#27;[1m"OK"&amp#27;[0m                       &amp#27;[90m# stepDefinations.StepDefinationPlaceValidation.status_in_response_body_is_ok(java.lang.String,java.lang.String)&amp#27;[0m
]]></system-out>
  </testcase>
</testsuite>